<?xml version="1.0" encoding="UTF-8"?>
<!-- Generated by org.testng.reporters.JUnitReportReporter -->
<testsuite skipped="0" hostname="LIN22002678" name="com.opencart.test.MyTestcaseOne" tests="2" failures="0" timestamp="06 Sep 2018 12:26:10 GMT" time="5.141" errors="0">
  <testcase name="TestHomePage" time="5.031" classname="com.opencart.test.MyTestcaseOne"/>
  <testcase name="TestCurrencyBlock" time="0.110" classname="com.opencart.test.MyTestcaseOne"/>
</testsuite> <!-- com.opencart.test.MyTestcaseOne -->
