<?xml version="1.0" encoding="UTF-8"?>
<!-- Generated by org.testng.reporters.JUnitReportReporter -->
<testsuite hostname="LIN22002678" failures="0" tests="1" name="com.opencart.test.VerifyHomePageTestOneUsing" time="1.050" errors="0" timestamp="14 May 2019 12:25:48 GMT" skipped="0">
  <testcase classname="com.opencart.test.VerifyHomePageTestOneUsing" name="TestHomePage" time="1.050"/>
</testsuite> <!-- com.opencart.test.VerifyHomePageTestOneUsing -->
