<?xml version="1.0" encoding="UTF-8"?>
<!-- Generated by org.testng.reporters.JUnitReportReporter -->
<testsuite hostname="LIN22002678" failures="0" tests="2" name="com.opencart.test.TestCaseVerifySpecialOfferPage" time="2.635" errors="0" timestamp="08 May 2020 13:22:12 GMT" skipped="0">
  <testcase classname="com.opencart.test.TestCaseVerifySpecialOfferPage" name="TestSpecialOfferPage" time="2.508"/>
  <testcase classname="com.opencart.test.TestCaseVerifySpecialOfferPage" name="CallingMethodFromAnotherTestClass" time="0.127"/>
</testsuite> <!-- com.opencart.test.TestCaseVerifySpecialOfferPage -->
