<?xml version="1.0" encoding="UTF-8"?>
<!-- Generated by org.testng.reporters.JUnitReportReporter -->
<testsuite hostname="LIN22002678" failures="0" tests="2" name="com.opencart.test.VerifySpecialOfferPage" time="2.713" errors="0" timestamp="07 May 2020 17:27:19 GMT" skipped="0">
  <testcase classname="com.opencart.test.VerifySpecialOfferPage" name="TestSpecialOfferPage" time="2.537"/>
  <testcase classname="com.opencart.test.VerifySpecialOfferPage" name="CallingMethodFromAnotherTestClass" time="0.176"/>
</testsuite> <!-- com.opencart.test.VerifySpecialOfferPage -->
