<?xml version="1.0" encoding="UTF-8"?>
<!-- Generated by org.testng.reporters.JUnitReportReporter -->
<testsuite skipped="0" hostname="LIN22002678" name="MyTestSuite.MyTestcaseOne" tests="1" failures="0" timestamp="05 Sep 2018 09:22:56 GMT" time="5.016" errors="0">
  <testcase name="TestHomePage" time="5.016" classname="MyTestSuite.MyTestcaseOne"/>
</testsuite> <!-- MyTestSuite.MyTestcaseOne -->
