<?xml version="1.0" encoding="UTF-8"?>
<!-- Generated by org.testng.reporters.JUnitReportReporter -->
<testsuite hostname="LIN22002678" failures="0" tests="1" name="com.opencart.test.TestCaseVerifyHomePageTestOne" time="1.065" errors="0" timestamp="08 May 2020 13:22:12 GMT" skipped="0">
  <testcase classname="com.opencart.test.TestCaseVerifyHomePageTestOne" name="TestHomePage" time="1.065"/>
</testsuite> <!-- com.opencart.test.TestCaseVerifyHomePageTestOne -->
