<?xml version="1.0" encoding="UTF-8"?>
<!-- Generated by org.testng.reporters.JUnitReportReporter -->
<testsuite hostname="LIN22002678" failures="0" tests="1" name="com.opencart.test.TestCommonUtilityFunctions" time="0.016" errors="0" timestamp="07 May 2020 17:27:19 GMT" skipped="0">
  <testcase classname="com.opencart.test.TestCommonUtilityFunctions" name="TestCommon" time="0.016"/>
</testsuite> <!-- com.opencart.test.TestCommonUtilityFunctions -->
